<?xml version="1.0" encoding="UTF-8"?>
<!-- Generated by org.testng.reporters.JUnitReportReporter -->
<testsuite hostname="DESKTOP-KSTEH8E" failures="0" tests="2" name="snippet.Method1" time="0.103" errors="0" timestamp="2024-03-28T04:45:36 IST" skipped="0">
  <testcase classname="snippet.Method1" name="testcase1" time="0.095"/>
  <testcase classname="snippet.Method1" name="testcase2" time="0.008"/>
</testsuite> <!-- snippet.Method1 -->
