<?xml version="1.0" encoding="UTF-8"?>
<!-- Generated by org.testng.reporters.JUnitReportReporter -->
<testsuite hostname="DESKTOP-KSTEH8E" failures="0" tests="1" name="snippet.Testcase1" time="0.041" errors="0" timestamp="2024-03-27T16:41:34 IST" skipped="0">
  <testcase classname="snippet.Testcase1" name="testcaseforlogin" time="0.041"/>
</testsuite> <!-- snippet.Testcase1 -->
