<?xml version="1.0" encoding="UTF-8"?>
<!-- Generated by org.testng.reporters.JUnitReportReporter -->
<testsuite hostname="DESKTOP-KSTEH8E" failures="0" tests="2" name="snippet.Module1" time="0.049" errors="0" timestamp="2024-03-28T05:21:25 IST" skipped="0">
  <testcase classname="snippet.Module1" name="test1" time="0.019"/>
  <testcase classname="snippet.Module1" name="test2" time="0.030"/>
</testsuite> <!-- snippet.Module1 -->
