<?xml version="1.0" encoding="UTF-8"?>
<!-- Generated by org.testng.reporters.JUnitReportReporter -->
<testsuite hostname="DESKTOP-KSTEH8E" failures="0" tests="1" name="seleniumpractice.Module2" time="0.018" errors="0" timestamp="2024-04-01T13:11:38 IST" skipped="0">
  <testcase classname="seleniumpractice.Module2" name="test1" time="0.018"/>
</testsuite> <!-- seleniumpractice.Module2 -->
