<?xml version="1.0" encoding="UTF-8"?>
<!-- Generated by org.testng.reporters.JUnitReportReporter -->
<testsuite hostname="DESKTOP-KSTEH8E" failures="0" tests="2" name="seleniumpractice.Module3" time="0.033" errors="0" timestamp="2024-04-01T13:11:38 IST" skipped="0">
  <testcase classname="seleniumpractice.Module3" name="testcase1" time="0.013"/>
  <testcase classname="seleniumpractice.Module3" name="testcase2" time="0.020"/>
</testsuite> <!-- seleniumpractice.Module3 -->
