<?xml version="1.0" encoding="UTF-8"?>
<!-- Generated by org.testng.reporters.JUnitReportReporter -->
<testsuite hostname="DESKTOP-KSTEH8E" failures="0" tests="2" name="snippet.Variables" time="0.065" errors="0" timestamp="2024-03-28T13:20:43 IST" skipped="0">
  <testcase classname="snippet.Variables" name="testcase1" time="0.052"/>
  <testcase classname="snippet.Variables" name="testcase2" time="0.013"/>
</testsuite> <!-- snippet.Variables -->
