<?xml version="1.0" encoding="UTF-8"?>
<!-- Generated by org.testng.reporters.JUnitReportReporter -->
<testsuite hostname="DESKTOP-KSTEH8E" failures="0" tests="2" name="snippet.Module2" time="0.060" errors="0" timestamp="2024-03-28T05:38:11 IST" skipped="0">
  <testcase classname="snippet.Module2" name="test2" time="0.032"/>
  <testcase classname="snippet.Module2" name="test1" time="0.028"/>
</testsuite> <!-- snippet.Module2 -->
